<?xml version="1.0" encoding="windows-1252" standalone="no"?>
<!DOCTYPE log SYSTEM "logger.dtd">
<log>
<record>
  <date>2020-11-03T14:00:32.027482Z</date>
  <millis>1604412032027</millis>
  <nanos>482000</nanos>
  <sequence>0</sequence>
  <logger>com.capg.addressbookjdbc.AddressBookDBService</logger>
  <level>INFO</level>
  <class>com.capg.addressbookjdbc.AddressBookDBService</class>
  <method>getConnection</method>
  <thread>1</thread>
  <message>Connecting to database: jdbc:mysql://localhost:3306/address_book_service?useSSL=false</message>
</record>
<record>
  <date>2020-11-03T14:00:32.435395100Z</date>
  <millis>1604412032435</millis>
  <nanos>395100</nanos>
  <sequence>1</sequence>
  <logger>com.capg.addressbookjdbc.AddressBookDBService</logger>
  <level>INFO</level>
  <class>com.capg.addressbookjdbc.AddressBookDBService</class>
  <method>getConnection</method>
  <thread>1</thread>
  <message>Connection successful: com.mysql.cj.jdbc.ConnectionImpl@7ff95560</message>
</record>
<record>
  <date>2020-11-03T14:00:32.490277400Z</date>
  <millis>1604412032490</millis>
  <nanos>277400</nanos>
  <sequence>2</sequence>
  <logger>com.capg.addressbookjdbc.AddressBookDBService</logger>
  <level>INFO</level>
  <class>com.capg.addressbookjdbc.AddressBookDBService</class>
  <method>getConnection</method>
  <thread>1</thread>
  <message>Connecting to database: jdbc:mysql://localhost:3306/address_book_service?useSSL=false</message>
</record>
<record>
  <date>2020-11-03T14:00:32.494236300Z</date>
  <millis>1604412032494</millis>
  <nanos>236300</nanos>
  <sequence>3</sequence>
  <logger>com.capg.addressbookjdbc.AddressBookDBService</logger>
  <level>INFO</level>
  <class>com.capg.addressbookjdbc.AddressBookDBService</class>
  <method>getConnection</method>
  <thread>1</thread>
  <message>Connection successful: com.mysql.cj.jdbc.ConnectionImpl@794cb805</message>
</record>
<record>
  <date>2020-11-03T14:00:32.526425500Z</date>
  <millis>1604412032526</millis>
  <nanos>425500</nanos>
  <sequence>4</sequence>
  <logger>com.capg.addressbookjdbc.AddressBookDBService</logger>
  <level>INFO</level>
  <class>com.capg.addressbookjdbc.AddressBookDBService</class>
  <method>getConnection</method>
  <thread>1</thread>
  <message>Connecting to database: jdbc:mysql://localhost:3306/address_book_service?useSSL=false</message>
</record>
<record>
  <date>2020-11-03T14:00:32.530414800Z</date>
  <millis>1604412032530</millis>
  <nanos>414800</nanos>
  <sequence>5</sequence>
  <logger>com.capg.addressbookjdbc.AddressBookDBService</logger>
  <level>INFO</level>
  <class>com.capg.addressbookjdbc.AddressBookDBService</class>
  <method>getConnection</method>
  <thread>1</thread>
  <message>Connection successful: com.mysql.cj.jdbc.ConnectionImpl@60d8c9b7</message>
</record>
<record>
  <date>2020-11-03T14:00:32.538393900Z</date>
  <millis>1604412032538</millis>
  <nanos>393900</nanos>
  <sequence>6</sequence>
  <logger>com.capg.addressbookjdbc.AddressBookDBService</logger>
  <level>INFO</level>
  <class>com.capg.addressbookjdbc.AddressBookDBService</class>
  <method>getConnection</method>
  <thread>1</thread>
  <message>Connecting to database: jdbc:mysql://localhost:3306/address_book_service?useSSL=false</message>
</record>
<record>
  <date>2020-11-03T14:00:32.543387100Z</date>
  <millis>1604412032543</millis>
  <nanos>387100</nanos>
  <sequence>7</sequence>
  <logger>com.capg.addressbookjdbc.AddressBookDBService</logger>
  <level>INFO</level>
  <class>com.capg.addressbookjdbc.AddressBookDBService</class>
  <method>getConnection</method>
  <thread>1</thread>
  <message>Connection successful: com.mysql.cj.jdbc.ConnectionImpl@5c909414</message>
</record>
</log>
